<?xml version="1.0" encoding="UTF-8"?>
<testsuite name="com.techcorp.service.EmployeeServiceTest$DefensiveCopies" tests="1" skipped="0" failures="0" errors="0" timestamp="2025-10-04T14:31:39.300Z" hostname="penguin" time="0.001">
  <properties/>
  <testcase name="Lista z getAllEmployees nie powinna być modyfikowalna na serwisie" classname="com.techcorp.service.EmployeeServiceTest$DefensiveCopies" time="0.001"/>
  <system-out><![CDATA[]]></system-out>
  <system-err><![CDATA[]]></system-err>
</testsuite>
