<?xml version="1.0" encoding="UTF-8"?>
<testsuite name="com.techcorp.service.EmployeeServiceTest$DefensiveCopies" tests="1" skipped="0" failures="0" errors="0" timestamp="2025-10-03T09:16:50.398Z" hostname="penguin" time="0.0">
  <properties/>
  <testcase name="Lista z getAllEmployees nie powinna być modyfikowalna na serwisie" classname="com.techcorp.service.EmployeeServiceTest$DefensiveCopies" time="0.0"/>
  <system-out><![CDATA[]]></system-out>
  <system-err><![CDATA[]]></system-err>
</testsuite>
